<?xml version="1.0" encoding="UTF-8"?>
<!-- Generated by org.testng.reporters.JUnitReportReporter -->
<testsuite hostname="DESKTOP-HP840" failures="0" tests="1" name="com.qa.testLayer.TestClass" time="37.219" errors="0" timestamp="2022-05-10T12:05:36 IST" skipped="0">
  <testcase classname="com.qa.testLayer.TestClass" name="a1" time="37.219"/>
  <system-out/>
</testsuite> <!-- com.qa.testLayer.TestClass -->
